TN:
SF:src\daos\VegetableCsvDAO.ts
FN:6,(anonymous_0)
FN:9,(anonymous_1)
FNF:2
FNH:2
FNDA:1,(anonymous_0)
FNDA:23,(anonymous_1)
DA:2,1
DA:5,1
DA:7,1
DA:8,1
DA:9,1
DA:10,23
DA:11,23
DA:17,23
LF:8
LH:8
BRF:0
BRH:0
end_of_record
TN:
SF:src\daos\VegetableDao.ts
FN:9,(anonymous_0)
FN:15,(anonymous_1)
FN:16,(anonymous_2)
FN:20,(anonymous_3)
FN:21,(anonymous_4)
FN:25,(anonymous_5)
FN:27,(anonymous_6)
FNF:7
FNH:7
FNDA:1,(anonymous_0)
FNDA:1,(anonymous_1)
FNDA:20,(anonymous_2)
FNDA:1,(anonymous_3)
FNDA:15,(anonymous_4)
FNDA:1,(anonymous_5)
FNDA:1,(anonymous_6)
DA:1,1
DA:3,1
DA:5,1
DA:10,1
DA:11,1
DA:12,1
DA:16,20
DA:17,1
DA:21,15
DA:22,1
DA:26,1
DA:27,1
DA:28,1
LF:13
LH:13
BRF:0
BRH:0
end_of_record
